# JRE version: Java(TM) SE Runtime Environment (8.0_241-b07) (build 1.8.0_241-b07)
# Java VM: Java HotSpot(TM) 64-Bit Server VM (25.241-b07 mixed mode windows-amd64 compressed oops)
Heap:
 PSYoungGen      total 189952K, used 18489K [0x00000000e0a00000, 0x00000000ed000000, 0x0000000100000000)
  eden space 181248K, 5% used [0x00000000e0a00000,0x00000000e13d3338,0x00000000ebb00000)
  from space 8704K, 96% used [0x00000000ec780000,0x00000000ecfbb1b8,0x00000000ed000000)
  to   space 9728K, 0% used [0x00000000ebd00000,0x00000000ebd00000,0x00000000ec680000)
 ParOldGen       total 36352K, used 5137K [0x00000000a1e00000, 0x00000000a4180000, 0x00000000e0a00000)
  object space 36352K, 14% used [0x00000000a1e00000,0x00000000a2304658,0x00000000a4180000)
 Metaspace       used 30341K, capacity 32370K, committed 32512K, reserved 1077248K
  class space    used 3952K, capacity 4337K, committed 4352K, reserved 1048576K
GC Heap History (10 events):
Event: 4.011 GC heap before
{Heap before GC invocations=5 (full 0):
 PSYoungGen      total 53248K, used 53242K [0x00000000e0a00000, 0x00000000e4200000, 0x0000000100000000)
  eden space 49152K, 100% used [0x00000000e0a00000,0x00000000e3a00000,0x00000000e3a00000)
  from space 4096K, 99% used [0x00000000e3e00000,0x00000000e41fe978,0x00000000e4200000)
  to   space 4096K, 0% used [0x00000000e3a00000,0x00000000e3a00000,0x00000000e3e00000)
 ParOldGen       total 65536K, used 2760K [0x00000000a1e00000, 0x00000000a5e00000, 0x00000000e0a00000)
  object space 65536K, 4% used [0x00000000a1e00000,0x00000000a20b2128,0x00000000a5e00000)
 Metaspace       used 19745K, capacity 21070K, committed 21248K, reserved 1067008K
  class space    used 2537K, capacity 2801K, committed 2816K, reserved 1048576K
Event: 4.036 GC heap after
Heap after GC invocations=5 (full 0):
 PSYoungGen      total 53248K, used 4080K [0x00000000e0a00000, 0x00000000e7a00000, 0x0000000100000000)
  eden space 49152K, 0% used [0x00000000e0a00000,0x00000000e0a00000,0x00000000e3a00000)
  from space 4096K, 99% used [0x00000000e3a00000,0x00000000e3dfc018,0x00000000e3e00000)
  to   space 8192K, 0% used [0x00000000e7200000,0x00000000e7200000,0x00000000e7a00000)
 ParOldGen       total 65536K, used 6821K [0x00000000a1e00000, 0x00000000a5e00000, 0x00000000e0a00000)
  object space 65536K, 10% used [0x00000000a1e00000,0x00000000a24a96f0,0x00000000a5e00000)
 Metaspace       used 19745K, capacity 21070K, committed 21248K, reserved 1067008K
  class space    used 2537K, capacity 2801K, committed 2816K, reserved 1048576K
}
Event: 4.049 GC heap before
{Heap before GC invocations=6 (full 0):
 PSYoungGen      total 53248K, used 5671K [0x00000000e0a00000, 0x00000000e7a00000, 0x0000000100000000)
  eden space 49152K, 3% used [0x00000000e0a00000,0x00000000e0b8df58,0x00000000e3a00000)
  from space 4096K, 99% used [0x00000000e3a00000,0x00000000e3dfc018,0x00000000e3e00000)
  to   space 8192K, 0% used [0x00000000e7200000,0x00000000e7200000,0x00000000e7a00000)
 ParOldGen       total 65536K, used 6821K [0x00000000a1e00000, 0x00000000a5e00000, 0x00000000e0a00000)
  object space 65536K, 10% used [0x00000000a1e00000,0x00000000a24a96f0,0x00000000a5e00000)
 Metaspace       used 19906K, capacity 21198K, committed 21248K, reserved 1067008K
  class space    used 2550K, capacity 2801K, committed 2816K, reserved 1048576K
Event: 4.060 GC heap after
Heap after GC invocations=6 (full 0):
 PSYoungGen      total 106496K, used 4262K [0x00000000e0a00000, 0x00000000e7a00000, 0x0000000100000000)
  eden space 98304K, 0% used [0x00000000e0a00000,0x00000000e0a00000,0x00000000e6a00000)
  from space 8192K, 52% used [0x00000000e7200000,0x00000000e76298a0,0x00000000e7a00000)
  to   space 8192K, 0% used [0x00000000e6a00000,0x00000000e6a00000,0x00000000e7200000)
 ParOldGen       total 65536K, used 6821K [0x00000000a1e00000, 0x00000000a5e00000, 0x00000000e0a00000)
  object space 65536K, 10% used [0x00000000a1e00000,0x00000000a24a96f0,0x00000000a5e00000)
 Metaspace       used 19906K, capacity 21198K, committed 21248K, reserved 1067008K
  class space    used 2550K, capacity 2801K, committed 2816K, reserved 1048576K
}
Event: 4.060 GC heap before
{Heap before GC invocations=7 (full 1):
 PSYoungGen      total 106496K, used 4262K [0x00000000e0a00000, 0x00000000e7a00000, 0x0000000100000000)
  eden space 98304K, 0% used [0x00000000e0a00000,0x00000000e0a00000,0x00000000e6a00000)
  from space 8192K, 52% used [0x00000000e7200000,0x00000000e76298a0,0x00000000e7a00000)
  to   space 8192K, 0% used [0x00000000e6a00000,0x00000000e6a00000,0x00000000e7200000)
 ParOldGen       total 65536K, used 6821K [0x00000000a1e00000, 0x00000000a5e00000, 0x00000000e0a00000)
  object space 65536K, 10% used [0x00000000a1e00000,0x00000000a24a96f0,0x00000000a5e00000)
 Metaspace       used 19906K, capacity 21198K, committed 21248K, reserved 1067008K
  class space    used 2550K, capacity 2801K, committed 2816K, reserved 1048576K
Event: 4.118 GC heap after
Heap after GC invocations=7 (full 1):
 PSYoungGen      total 106496K, used 0K [0x00000000e0a00000, 0x00000000e7a00000, 0x0000000100000000)
  eden space 98304K, 0% used [0x00000000e0a00000,0x00000000e0a00000,0x00000000e6a00000)
  from space 8192K, 0% used [0x00000000e7200000,0x00000000e7200000,0x00000000e7a00000)
  to   space 8192K, 0% used [0x00000000e6a00000,0x00000000e6a00000,0x00000000e7200000)
 ParOldGen       total 36352K, used 5129K [0x00000000a1e00000, 0x00000000a4180000, 0x00000000e0a00000)
  object space 36352K, 14% used [0x00000000a1e00000,0x00000000a2302658,0x00000000a4180000)
 Metaspace       used 19906K, capacity 21198K, committed 21248K, reserved 1067008K
  class space    used 2550K, capacity 2801K, committed 2816K, reserved 1048576K
}
Event: 5.387 GC heap before
{Heap before GC invocations=8 (full 1):
 PSYoungGen      total 106496K, used 98304K [0x00000000e0a00000, 0x00000000e7a00000, 0x0000000100000000)
  eden space 98304K, 100% used [0x00000000e0a00000,0x00000000e6a00000,0x00000000e6a00000)
  from space 8192K, 0% used [0x00000000e7200000,0x00000000e7200000,0x00000000e7a00000)
  to   space 8192K, 0% used [0x00000000e6a00000,0x00000000e6a00000,0x00000000e7200000)
 ParOldGen       total 36352K, used 5129K [0x00000000a1e00000, 0x00000000a4180000, 0x00000000e0a00000)
  object space 36352K, 14% used [0x00000000a1e00000,0x00000000a2302658,0x00000000a4180000)
 Metaspace       used 25200K, capacity 26816K, committed 27008K, reserved 1073152K
  class space    used 3248K, capacity 3586K, committed 3712K, reserved 1048576K
Event: 5.439 GC heap after
Heap after GC invocations=8 (full 1):
 PSYoungGen      total 106496K, used 7724K [0x00000000e0a00000, 0x00000000ed080000, 0x0000000100000000)
  eden space 98304K, 0% used [0x00000000e0a00000,0x00000000e0a00000,0x00000000e6a00000)
  from space 8192K, 94% used [0x00000000e6a00000,0x00000000e718b228,0x00000000e7200000)
  to   space 9216K, 0% used [0x00000000ec780000,0x00000000ec780000,0x00000000ed080000)
 ParOldGen       total 36352K, used 5129K [0x00000000a1e00000, 0x00000000a4180000, 0x00000000e0a00000)
  object space 36352K, 14% used [0x00000000a1e00000,0x00000000a2302658,0x00000000a4180000)
 Metaspace       used 25200K, capacity 26816K, committed 27008K, reserved 1073152K
  class space    used 3248K, capacity 3586K, committed 3712K, reserved 1048576K
}
Event: 11.545 GC heap before
{Heap before GC invocations=9 (full 1):
 PSYoungGen      total 106496K, used 106028K [0x00000000e0a00000, 0x00000000ed080000, 0x0000000100000000)
  eden space 98304K, 100% used [0x00000000e0a00000,0x00000000e6a00000,0x00000000e6a00000)
  from space 8192K, 94% used [0x00000000e6a00000,0x00000000e718b228,0x00000000e7200000)
  to   space 9216K, 0% used [0x00000000ec780000,0x00000000ec780000,0x00000000ed080000)
 ParOldGen       total 36352K, used 5129K [0x00000000a1e00000, 0x00000000a4180000, 0x00000000e0a00000)
  object space 36352K, 14% used [0x00000000a1e00000,0x00000000a2302658,0x00000000a4180000)
 Metaspace       used 30023K, capacity 32036K, committed 32256K, reserved 1077248K
  class space    used 3907K, capacity 4294K, committed 4352K, reserved 1048576K
Event: 11.565 GC heap after
Heap after GC invocations=9 (full 1):
 PSYoungGen      total 189952K, used 8428K [0x00000000e0a00000, 0x00000000ed000000, 0x0000000100000000)
  eden space 181248K, 0% used [0x00000000e0a00000,0x00000000e0a00000,0x00000000ebb00000)
  from space 8704K, 96% used [0x00000000ec780000,0x00000000ecfbb1b8,0x00000000ed000000)
  to   space 9728K, 0% used [0x00000000ebd00000,0x00000000ebd00000,0x00000000ec680000)
 ParOldGen       total 36352K, used 5137K [0x00000000a1e00000, 0x00000000a4180000, 0x00000000e0a00000)
  object space 36352K, 14% used [0x00000000a1e00000,0x00000000a2304658,0x00000000a4180000)
 Metaspace       used 30023K, capacity 32036K, committed 32256K, reserved 1077248K
  class space    used 3907K, capacity 4294K, committed 4352K, reserved 1048576K
}

